NetworkManager.obj : error LNK2019: 无法解析的外部符号 __imp_htonl，函数 "public: __cdecl SocketAddress::SocketAddress(unsigned int,unsigned short)" (??0SocketAddress@@QEAA@IG@Z) 中引用了该符号
NetworkManager.obj : error LNK2019: 无法解析的外部符号 __imp_htons，函数 "public: __cdecl SocketAddress::SocketAddress(unsigned int,unsigned short)" (??0SocketAddress@@QEAA@IG@Z) 中引用了该符号
SocketAddress.obj : error LNK2019: 无法解析的外部符号 __imp_ntohs，函数 "public: class std::basic_string<char,struct std::char_traits<char>,class std::allocator<char> > __cdecl SocketAddress::ToString(void)const " (?ToString@SocketAddress@@QEBA?AV?$basic_string@DU?$char_traits@D@std@@V?$allocator@D@2@@std@@XZ) 中引用了该符号
SocketAddress.obj : error LNK2019: 无法解析的外部符号 inet_ntop，函数 "public: class std::basic_string<char,struct std::char_traits<char>,class std::allocator<char> > __cdecl SocketAddress::ToString(void)const " (?ToString@SocketAddress@@QEBA?AV?$basic_string@DU?$char_traits@D@std@@V?$allocator@D@2@@std@@XZ) 中引用了该符号
SocketAddressFactory.obj : error LNK2019: 无法解析的外部符号 __imp_getaddrinfo，函数 "public: static class std::shared_ptr<class SocketAddress> __cdecl SocketAddressFactory::CreateIPv4FromString(class std::basic_string<char,struct std::char_traits<char>,class std::allocator<char> > const &)" (?CreateIPv4FromString@SocketAddressFactory@@SA?AV?$shared_ptr@VSocketAddress@@@std@@AEBV?$basic_string@DU?$char_traits@D@std@@V?$allocator@D@2@@3@@Z) 中引用了该符号
SocketAddressFactory.obj : error LNK2019: 无法解析的外部符号 __imp_freeaddrinfo，函数 "public: static class std::shared_ptr<class SocketAddress> __cdecl SocketAddressFactory::CreateIPv4FromString(class std::basic_string<char,struct std::char_traits<char>,class std::allocator<char> > const &)" (?CreateIPv4FromString@SocketAddressFactory@@SA?AV?$shared_ptr@VSocketAddress@@@std@@AEBV?$basic_string@DU?$char_traits@D@std@@V?$allocator@D@2@@3@@Z) 中引用了该符号
SocketUtil.obj : error LNK2019: 无法解析的外部符号 __WSAFDIsSet，函数 "private: static void __cdecl SocketUtil::FillVectorFromSet(class std::vector<class std::shared_ptr<class TCPSocket>,class std::allocator<class std::shared_ptr<class TCPSocket> > > *,class std::vector<class std::shared_ptr<class TCPSocket>,class std::allocator<class std::shared_ptr<class TCPSocket> > > const *,struct fd_set const &)" (?FillVectorFromSet@SocketUtil@@CAXPEAV?$vector@V?$shared_ptr@VTCPSocket@@@std@@V?$allocator@V?$shared_ptr@VTCPSocket@@@std@@@2@@std@@PEBV23@AEBUfd_set@@@Z) 中引用了该符号
SocketUtil.obj : error LNK2019: 无法解析的外部符号 __imp_select，函数 "public: static int __cdecl SocketUtil::Select(class std::vector<class std::shared_ptr<class TCPSocket>,class std::allocator<class std::shared_ptr<class TCPSocket> > > const *,class std::vector<class std::shared_ptr<class TCPSocket>,class std::allocator<class std::shared_ptr<class TCPSocket> > > *,class std::vector<class std::shared_ptr<class TCPSocket>,class std::allocator<class std::shared_ptr<class TCPSocket> > > const *,class std::vector<class std::shared_ptr<class TCPSocket>,class std::allocator<class std::shared_ptr<class TCPSocket> > > *,class std::vector<class std::shared_ptr<class TCPSocket>,class std::allocator<class std::shared_ptr<class TCPSocket> > > const *,class std::vector<class std::shared_ptr<class TCPSocket>,class std::allocator<class std::shared_ptr<class TCPSocket> > > *)" (?Select@SocketUtil@@SAHPEBV?$vector@V?$shared_ptr@VTCPSocket@@@std@@V?$allocator@V?$shared_ptr@VTCPSocket@@@std@@@2@@std@@PEAV23@0101@Z) 中引用了该符号
SocketUtil.obj : error LNK2019: 无法解析的外部符号 __imp_socket，函数 "public: static class std::shared_ptr<class UDPSocket> __cdecl SocketUtil::CreateUDPSocket(enum SocketAddressFamily)" (?CreateUDPSocket@SocketUtil@@SA?AV?$shared_ptr@VUDPSocket@@@std@@W4SocketAddressFamily@@@Z) 中引用了该符号
SocketUtil.obj : error LNK2019: 无法解析的外部符号 __imp_WSAStartup，函数 "public: static bool __cdecl SocketUtil::StaticInit(void)" (?StaticInit@SocketUtil@@SA_NXZ) 中引用了该符号
SocketUtil.obj : error LNK2019: 无法解析的外部符号 __imp_WSACleanup，函数 "public: static void __cdecl SocketUtil::CleanUp(void)" (?CleanUp@SocketUtil@@SAXXZ) 中引用了该符号
SocketUtil.obj : error LNK2019: 无法解析的外部符号 __imp_WSAGetLastError，函数 "public: static int __cdecl SocketUtil::GetLastError(void)" (?GetLastError@SocketUtil@@SAHXZ) 中引用了该符号
TCPSocket.obj : error LNK2019: 无法解析的外部符号 __imp_accept，函数 "public: class std::shared_ptr<class TCPSocket> __cdecl TCPSocket::Accept(class SocketAddress &)" (?Accept@TCPSocket@@QEAA?AV?$shared_ptr@VTCPSocket@@@std@@AEAVSocketAddress@@@Z) 中引用了该符号
TCPSocket.obj : error LNK2019: 无法解析的外部符号 __imp_bind，函数 "public: int __cdecl TCPSocket::Bind(class SocketAddress const &)" (?Bind@TCPSocket@@QEAAHAEBVSocketAddress@@@Z) 中引用了该符号
UDPSocket.obj : error LNK2001: 无法解析的外部符号 __imp_bind
TCPSocket.obj : error LNK2019: 无法解析的外部符号 __imp_closesocket，函数 "public: __cdecl TCPSocket::~TCPSocket(void)" (??1TCPSocket@@QEAA@XZ) 中引用了该符号
UDPSocket.obj : error LNK2001: 无法解析的外部符号 __imp_closesocket
TCPSocket.obj : error LNK2019: 无法解析的外部符号 __imp_connect，函数 "public: int __cdecl TCPSocket::Connect(class SocketAddress const &)" (?Connect@TCPSocket@@QEAAHAEBVSocketAddress@@@Z) 中引用了该符号
TCPSocket.obj : error LNK2019: 无法解析的外部符号 __imp_listen，函数 "public: int __cdecl TCPSocket::Listen(int)" (?Listen@TCPSocket@@QEAAHH@Z) 中引用了该符号
TCPSocket.obj : error LNK2019: 无法解析的外部符号 __imp_recv，函数 "public: int __cdecl TCPSocket::Receive(void *,unsigned __int64)" (?Receive@TCPSocket@@QEAAHPEAX_K@Z) 中引用了该符号
TCPSocket.obj : error LNK2019: 无法解析的外部符号 __imp_send，函数 "public: int __cdecl TCPSocket::Send(void const *,unsigned __int64)" (?Send@TCPSocket@@QEAAHPEBX_K@Z) 中引用了该符号
UDPSocket.obj : error LNK2019: 无法解析的外部符号 __imp_ioctlsocket，函数 "public: int __cdecl UDPSocket::SetNonBlockingMode(bool)" (?SetNonBlockingMode@UDPSocket@@QEAAH_N@Z) 中引用了该符号
UDPSocket.obj : error LNK2019: 无法解析的外部符号 __imp_recvfrom，函数 "public: int __cdecl UDPSocket::ReceiveFrom(void *,int,class SocketAddress &)" (?ReceiveFrom@UDPSocket@@QEAAHPEAXHAEAVSocketAddress@@@Z) 中引用了该符号
UDPSocket.obj : error LNK2019: 无法解析的外部符号 __imp_sendto，函数 "public: int __cdecl UDPSocket::SendTo(void const *,int,class SocketAddress const &)" (?SendTo@UDPSocket@@QEAAHPEBXHAEBVSocketAddress@@@Z) 中引用了该符号
SDL2main.lib(SDL_windows_main.obj) : error LNK2019: 无法解析的外部符号 SDL_main，函数 main 中引用了该符号
SDL2main.lib(SDL_windows_main.obj) : error LNK2019: 无法解析的外部符号 __imp_fprintf，函数 ShowError 中引用了该符号
SDL2main.lib(SDL_windows_main.obj) : error LNK2019: 无法解析的外部符号 __imp___iob_func，函数 ShowError 中引用了该符号
D:\桌面\应聘\作品集\机器猫行动（网络游戏demo）\x64\Debug\RoboCat.exe : fatal error LNK1120: 25 个无法解析的外部命令
