d:\桌面\应聘\作品集\机器猫行动（网络游戏demo）\robocat\x64\debug\vc143.pdb
d:\桌面\应聘\作品集\机器猫行动（网络游戏demo）\robocat\x64\debug\robocatpch.obj
d:\桌面\应聘\作品集\机器猫行动（网络游戏demo）\robocat\x64\debug\mouse.obj
d:\桌面\应聘\作品集\机器猫行动（网络游戏demo）\robocat\x64\debug\gameobject.obj
d:\桌面\应聘\作品集\机器猫行动（网络游戏demo）\robocat\x64\debug\timing.obj
d:\桌面\应聘\作品集\机器猫行动（网络游戏demo）\robocat\x64\debug\tcpsocket.obj
d:\桌面\应聘\作品集\机器猫行动（网络游戏demo）\robocat\x64\debug\stringutils.obj
d:\桌面\应聘\作品集\机器猫行动（网络游戏demo）\robocat\x64\debug\socketutil.obj
d:\桌面\应聘\作品集\机器猫行动（网络游戏demo）\robocat\x64\debug\socketaddressfactory.obj
d:\桌面\应聘\作品集\机器猫行动（网络游戏demo）\robocat\x64\debug\socketaddress.obj
d:\桌面\应聘\作品集\机器猫行动（网络游戏demo）\robocat\x64\debug\robocat.obj
d:\桌面\应聘\作品集\机器猫行动（网络游戏demo）\robocat\x64\debug\scoreboardmanager.obj
d:\桌面\应聘\作品集\机器猫行动（网络游戏demo）\robocat\x64\debug\robomath.obj
d:\桌面\应聘\作品集\机器猫行动（网络游戏demo）\robocat\x64\debug\networkmanager.obj
d:\桌面\应聘\作品集\机器猫行动（网络游戏demo）\robocat\x64\debug\movelist.obj
d:\桌面\应聘\作品集\机器猫行动（网络游戏demo）\robocat\x64\debug\move.obj
d:\桌面\应聘\作品集\机器猫行动（网络游戏demo）\robocat\x64\debug\memorybitstream.obj
d:\桌面\应聘\作品集\机器猫行动（网络游戏demo）\robocat\x64\debug\inputstate.obj
d:\桌面\应聘\作品集\机器猫行动（网络游戏demo）\robocat\x64\debug\gameobjectregistry.obj
d:\桌面\应聘\作品集\机器猫行动（网络游戏demo）\robocat\x64\debug\engine.obj
d:\桌面\应聘\作品集\机器猫行动（网络游戏demo）\robocat\x64\debug\yarn.obj
d:\桌面\应聘\作品集\机器猫行动（网络游戏demo）\robocat\x64\debug\world.obj
d:\桌面\应聘\作品集\机器猫行动（网络游戏demo）\robocat\x64\debug\udpsocket.obj
d:\桌面\应聘\作品集\机器猫行动（网络游戏demo）\x64\debug\robocat.pdb
d:\桌面\应聘\作品集\机器猫行动（网络游戏demo）\robocat\x64\debug\robocat.tlog\cl.command.1.tlog
d:\桌面\应聘\作品集\机器猫行动（网络游戏demo）\robocat\x64\debug\robocat.tlog\cl.read.1.tlog
d:\桌面\应聘\作品集\机器猫行动（网络游戏demo）\robocat\x64\debug\robocat.tlog\cl.write.1.tlog
d:\桌面\应聘\作品集\机器猫行动（网络游戏demo）\robocat\x64\debug\robocat.tlog\link-cvtres.read.1.tlog
d:\桌面\应聘\作品集\机器猫行动（网络游戏demo）\robocat\x64\debug\robocat.tlog\link-cvtres.write.1.tlog
d:\桌面\应聘\作品集\机器猫行动（网络游戏demo）\robocat\x64\debug\robocat.tlog\link-mt.read.1.tlog
d:\桌面\应聘\作品集\机器猫行动（网络游戏demo）\robocat\x64\debug\robocat.tlog\link-mt.write.1.tlog
d:\桌面\应聘\作品集\机器猫行动（网络游戏demo）\robocat\x64\debug\robocat.tlog\link-rc.read.1.tlog
d:\桌面\应聘\作品集\机器猫行动（网络游戏demo）\robocat\x64\debug\robocat.tlog\link-rc.write.1.tlog
d:\桌面\应聘\作品集\机器猫行动（网络游戏demo）\robocat\x64\debug\robocat.tlog\link.command.1.tlog
d:\桌面\应聘\作品集\机器猫行动（网络游戏demo）\robocat\x64\debug\robocat.tlog\link.read.1.tlog
d:\桌面\应聘\作品集\机器猫行动（网络游戏demo）\robocat\x64\debug\robocat.tlog\link.read.2.tlog
d:\桌面\应聘\作品集\机器猫行动（网络游戏demo）\robocat\x64\debug\robocat.tlog\link.write.1.tlog
