YarnClient.obj : error LNK2019: 无法解析的外部符号 "public: void __thiscall InputMemoryBitStream::ReadBits(void *,unsigned int)" (?ReadBits@InputMemoryBitStream@@QAEXPAXI@Z)，函数 "public: void __thiscall InputMemoryBitStream::Read(int &,unsigned int)" (?Read@InputMemoryBitStream@@QAEXAAHI@Z) 中引用了该符号
NetworkManagerClient.obj : error LNK2001: 无法解析的外部符号 "public: void __thiscall InputMemoryBitStream::ReadBits(void *,unsigned int)" (?ReadBits@InputMemoryBitStream@@QAEXPAXI@Z)
ReplicationManagerClient.obj : error LNK2001: 无法解析的外部符号 "public: void __thiscall InputMemoryBitStream::ReadBits(void *,unsigned int)" (?ReadBits@InputMemoryBitStream@@QAEXPAXI@Z)
RoboCatClient.obj : error LNK2001: 无法解析的外部符号 "public: void __thiscall InputMemoryBitStream::ReadBits(void *,unsigned int)" (?ReadBits@InputMemoryBitStream@@QAEXPAXI@Z)
YarnClient.obj : error LNK2019: 无法解析的外部符号 "public: void __thiscall InputMemoryBitStream::Read(class Vector3 &)" (?Read@InputMemoryBitStream@@QAEXAAVVector3@@@Z)，函数 "public: virtual void __thiscall YarnClient::Read(class InputMemoryBitStream &)" (?Read@YarnClient@@UAEXAAVInputMemoryBitStream@@@Z) 中引用了该符号
RoboCatClient.obj : error LNK2001: 无法解析的外部符号 "public: void __thiscall InputMemoryBitStream::Read(class Vector3 &)" (?Read@InputMemoryBitStream@@QAEXAAVVector3@@@Z)
YarnClient.obj : error LNK2001: 无法解析的外部符号 "public: virtual void __thiscall GameObject::Update(void)" (?Update@GameObject@@UAEXXZ)
RoboCatClient.obj : error LNK2001: 无法解析的外部符号 "public: virtual void __thiscall GameObject::Update(void)" (?Update@GameObject@@UAEXXZ)
MouseClient.obj : error LNK2001: 无法解析的外部符号 "public: virtual void __thiscall GameObject::Update(void)" (?Update@GameObject@@UAEXXZ)
YarnClient.obj : error LNK2019: 无法解析的外部符号 "public: void __thiscall GameObject::SetRotation(float)" (?SetRotation@GameObject@@QAEXM@Z)，函数 "public: virtual void __thiscall YarnClient::Read(class InputMemoryBitStream &)" (?Read@YarnClient@@UAEXAAVInputMemoryBitStream@@@Z) 中引用了该符号
RoboCatClient.obj : error LNK2001: 无法解析的外部符号 "public: void __thiscall GameObject::SetRotation(float)" (?SetRotation@GameObject@@QAEXM@Z)
YarnClient.obj : error LNK2001: 无法解析的外部符号 "public: virtual unsigned int __thiscall Yarn::Write(class OutputMemoryBitStream &,unsigned int)const " (?Write@Yarn@@UBEIAAVOutputMemoryBitStream@@I@Z)
YarnClient.obj : error LNK2001: 无法解析的外部符号 "public: virtual void __thiscall Yarn::Update(void)" (?Update@Yarn@@UAEXXZ)
YarnClient.obj : error LNK2001: 无法解析的外部符号 "public: virtual bool __thiscall Yarn::HandleCollisionWithCat(class RoboCat *)" (?HandleCollisionWithCat@Yarn@@UAE_NPAVRoboCat@@@Z)
YarnClient.obj : error LNK2019: 无法解析的外部符号 "protected: __thiscall Yarn::Yarn(void)" (??0Yarn@@IAE@XZ)，函数 "protected: __thiscall YarnClient::YarnClient(void)" (??0YarnClient@@IAE@XZ) 中引用了该符号
Client.obj : error LNK2019: 无法解析的外部符号 "class std::basic_string<char,struct std::char_traits<char>,class std::allocator<char> > __cdecl StringUtils::GetCommandLineArg(int)" (?GetCommandLineArg@StringUtils@@YA?AV?$basic_string@DU?$char_traits@D@std@@V?$allocator@D@2@@std@@H@Z)，函数 "protected: __thiscall Client::Client(void)" (??0Client@@IAE@XZ) 中引用了该符号
Client.obj : error LNK2019: 无法解析的外部符号 "public: static class std::shared_ptr<class SocketAddress> __cdecl SocketAddressFactory::CreateIPv4FromString(class std::basic_string<char,struct std::char_traits<char>,class std::allocator<char> > const &)" (?CreateIPv4FromString@SocketAddressFactory@@SA?AV?$shared_ptr@VSocketAddress@@@std@@ABV?$basic_string@DU?$char_traits@D@std@@V?$allocator@D@2@@3@@Z)，函数 "protected: __thiscall Client::Client(void)" (??0Client@@IAE@XZ) 中引用了该符号
Client.obj : error LNK2019: 无法解析的外部符号 "public: void __thiscall GameObjectRegistry::RegisterCreationFunction(unsigned int,class std::shared_ptr<class GameObject> (__cdecl*)(void))" (?RegisterCreationFunction@GameObjectRegistry@@QAEXIP6A?AV?$shared_ptr@VGameObject@@@std@@XZ@Z)，函数 "protected: __thiscall Client::Client(void)" (??0Client@@IAE@XZ) 中引用了该符号
Client.obj : error LNK2019: 无法解析的外部符号 "public: void __thiscall NetworkManager::ProcessIncomingPackets(void)" (?ProcessIncomingPackets@NetworkManager@@QAEXXZ)，函数 "protected: virtual void __thiscall Client::DoFrame(void)" (?DoFrame@Client@@MAEXXZ) 中引用了该符号
Client.obj : error LNK2019: 无法解析的外部符号 "public: virtual __thiscall Engine::~Engine(void)" (??1Engine@@UAE@XZ)，函数 __unwindfunclet$??0Client@@IAE@XZ$0 中引用了该符号
Client.obj : error LNK2001: 无法解析的外部符号 "public: virtual int __thiscall Engine::Run(void)" (?Run@Engine@@UAEHXZ)
Client.obj : error LNK2019: 无法解析的外部符号 "protected: __thiscall Engine::Engine(void)" (??0Engine@@IAE@XZ)，函数 "protected: __thiscall Client::Client(void)" (??0Client@@IAE@XZ) 中引用了该符号
Client.obj : error LNK2019: 无法解析的外部符号 "protected: virtual void __thiscall Engine::DoFrame(void)" (?DoFrame@Engine@@MAEXXZ)，函数 "protected: virtual void __thiscall Client::DoFrame(void)" (?DoFrame@Client@@MAEXXZ) 中引用了该符号
Client.obj : error LNK2001: 无法解析的外部符号 "public: static class std::unique_ptr<class GameObjectRegistry,struct std::default_delete<class GameObjectRegistry> > GameObjectRegistry::sInstance" (?sInstance@GameObjectRegistry@@2V?$unique_ptr@VGameObjectRegistry@@U?$default_delete@VGameObjectRegistry@@@std@@@std@@A)
NetworkManagerClient.obj : error LNK2001: 无法解析的外部符号 "public: static class std::unique_ptr<class GameObjectRegistry,struct std::default_delete<class GameObjectRegistry> > GameObjectRegistry::sInstance" (?sInstance@GameObjectRegistry@@2V?$unique_ptr@VGameObjectRegistry@@U?$default_delete@VGameObjectRegistry@@@std@@@std@@A)
ReplicationManagerClient.obj : error LNK2001: 无法解析的外部符号 "public: static class std::unique_ptr<class GameObjectRegistry,struct std::default_delete<class GameObjectRegistry> > GameObjectRegistry::sInstance" (?sInstance@GameObjectRegistry@@2V?$unique_ptr@VGameObjectRegistry@@U?$default_delete@VGameObjectRegistry@@@std@@@std@@A)
Client.obj : error LNK2001: 无法解析的外部符号 "public: static class std::unique_ptr<class Engine,struct std::default_delete<class Engine> > Engine::sInstance" (?sInstance@Engine@@2V?$unique_ptr@VEngine@@U?$default_delete@VEngine@@@std@@@std@@A)
ClientMain.obj : error LNK2001: 无法解析的外部符号 "public: static class std::unique_ptr<class Engine,struct std::default_delete<class Engine> > Engine::sInstance" (?sInstance@Engine@@2V?$unique_ptr@VEngine@@U?$default_delete@VEngine@@@std@@@std@@A)
HUD.obj : error LNK2019: 无法解析的外部符号 "class std::basic_string<char,struct std::char_traits<char>,class std::allocator<char> > __cdecl StringUtils::Sprintf(char const *,...)" (?Sprintf@StringUtils@@YA?AV?$basic_string@DU?$char_traits@D@std@@V?$allocator@D@2@@std@@PBDZZ)，函数 "private: void __thiscall HUD::RenderBandWidth(void)" (?RenderBandWidth@HUD@@AAEXXZ) 中引用了该符号
HUD.obj : error LNK2001: 无法解析的外部符号 "public: static class std::unique_ptr<class ScoreBoardManager,struct std::default_delete<class ScoreBoardManager> > ScoreBoardManager::sInstance" (?sInstance@ScoreBoardManager@@2V?$unique_ptr@VScoreBoardManager@@U?$default_delete@VScoreBoardManager@@@std@@@std@@A)
NetworkManagerClient.obj : error LNK2001: 无法解析的外部符号 "public: static class std::unique_ptr<class ScoreBoardManager,struct std::default_delete<class ScoreBoardManager> > ScoreBoardManager::sInstance" (?sInstance@ScoreBoardManager@@2V?$unique_ptr@VScoreBoardManager@@U?$default_delete@VScoreBoardManager@@@std@@@std@@A)
InputManager.obj : error LNK2019: 无法解析的外部符号 "public: class Move const & __thiscall MoveList::AddMove(class InputState const &,float)" (?AddMove@MoveList@@QAEABVMove@@ABVInputState@@M@Z)，函数 "private: class Move const & __thiscall InputManager::SampleInputAsMove(void)" (?SampleInputAsMove@InputManager@@AAEABVMove@@XZ) 中引用了该符号
InputManager.obj : error LNK2001: 无法解析的外部符号 "public: static class Timing Timing::sInstance" (?sInstance@Timing@@2V1@A)
NetworkManagerClient.obj : error LNK2001: 无法解析的外部符号 "public: static class Timing Timing::sInstance" (?sInstance@Timing@@2V1@A)
NetworkManagerClient.obj : error LNK2019: 无法解析的外部符号 "void __cdecl StringUtils::Log(char const *,...)" (?Log@StringUtils@@YAXPBDZZ)，函数 "private: void __thiscall NetworkManagerClient::HandleWelcomePacket(class InputMemoryBitStream &)" (?HandleWelcomePacket@NetworkManagerClient@@AAEXAAVInputMemoryBitStream@@@Z) 中引用了该符号
NetworkManagerClient.obj : error LNK2019: 无法解析的外部符号 "public: void __thiscall OutputMemoryBitStream::WriteBits(void const *,unsigned int)" (?WriteBits@OutputMemoryBitStream@@QAEXPBXI@Z)，函数 "public: void __thiscall OutputMemoryBitStream::Write<char>(char,unsigned int)" (??$Write@D@OutputMemoryBitStream@@QAEXDI@Z) 中引用了该符号
NetworkManagerClient.obj : error LNK2019: 无法解析的外部符号 "private: void __thiscall OutputMemoryBitStream::ReallocBuffer(unsigned int)" (?ReallocBuffer@OutputMemoryBitStream@@AAEXI@Z)，函数 "public: __thiscall OutputMemoryBitStream::OutputMemoryBitStream(void)" (??0OutputMemoryBitStream@@QAE@XZ) 中引用了该符号
NetworkManagerClient.obj : error LNK2019: 无法解析的外部符号 "public: bool __thiscall Move::Write(class OutputMemoryBitStream &)const " (?Write@Move@@QBE_NAAVOutputMemoryBitStream@@@Z)，函数 "private: void __thiscall NetworkManagerClient::SendInputPacket(void)" (?SendInputPacket@NetworkManagerClient@@AAEXXZ) 中引用了该符号
NetworkManagerClient.obj : error LNK2019: 无法解析的外部符号 "public: void __thiscall MoveList::RemovedProcessedMoves(float)" (?RemovedProcessedMoves@MoveList@@QAEXM@Z)，函数 "private: void __thiscall NetworkManagerClient::ReadLastMoveProcessedOnServerTimestamp(class InputMemoryBitStream &)" (?ReadLastMoveProcessedOnServerTimestamp@NetworkManagerClient@@AAEXAAVInputMemoryBitStream@@@Z) 中引用了该符号
NetworkManagerClient.obj : error LNK2019: 无法解析的外部符号 "public: void __thiscall GameObject::SetNetworkId(int)" (?SetNetworkId@GameObject@@QAEXH@Z)，函数 "private: void __thiscall NetworkManagerClient::HandleGameObjectState(class InputMemoryBitStream &)" (?HandleGameObjectState@NetworkManagerClient@@AAEXAAVInputMemoryBitStream@@@Z) 中引用了该符号
ReplicationManagerClient.obj : error LNK2001: 无法解析的外部符号 "public: void __thiscall GameObject::SetNetworkId(int)" (?SetNetworkId@GameObject@@QAEXH@Z)
NetworkManagerClient.obj : error LNK2019: 无法解析的外部符号 "public: class std::shared_ptr<class GameObject> __thiscall GameObjectRegistry::CreateGameObject(unsigned int)" (?CreateGameObject@GameObjectRegistry@@QAE?AV?$shared_ptr@VGameObject@@@std@@I@Z)，函数 "private: void __thiscall NetworkManagerClient::HandleGameObjectState(class InputMemoryBitStream &)" (?HandleGameObjectState@NetworkManagerClient@@AAEXAAVInputMemoryBitStream@@@Z) 中引用了该符号
ReplicationManagerClient.obj : error LNK2001: 无法解析的外部符号 "public: class std::shared_ptr<class GameObject> __thiscall GameObjectRegistry::CreateGameObject(unsigned int)" (?CreateGameObject@GameObjectRegistry@@QAE?AV?$shared_ptr@VGameObject@@@std@@I@Z)
NetworkManagerClient.obj : error LNK2019: 无法解析的外部符号 "public: double __thiscall Timing::GetTime(void)const " (?GetTime@Timing@@QBENXZ)，函数 "public: float __thiscall Timing::GetTimef(void)const " (?GetTimef@Timing@@QBEMXZ) 中引用了该符号
NetworkManagerClient.obj : error LNK2019: 无法解析的外部符号 "public: bool __thiscall ScoreBoardManager::Read(class InputMemoryBitStream &)" (?Read@ScoreBoardManager@@QAE_NAAVInputMemoryBitStream@@@Z)，函数 "private: void __thiscall NetworkManagerClient::HandleScoreBoardState(class InputMemoryBitStream &)" (?HandleScoreBoardState@NetworkManagerClient@@AAEXAAVInputMemoryBitStream@@@Z) 中引用了该符号
NetworkManagerClient.obj : error LNK2019: 无法解析的外部符号 "public: __thiscall NetworkManager::NetworkManager(void)" (??0NetworkManager@@QAE@XZ)，函数 "private: __thiscall NetworkManagerClient::NetworkManagerClient(void)" (??0NetworkManagerClient@@AAE@XZ) 中引用了该符号
NetworkManagerClient.obj : error LNK2019: 无法解析的外部符号 "public: virtual __thiscall NetworkManager::~NetworkManager(void)" (??1NetworkManager@@UAE@XZ)，函数 __unwindfunclet$??0NetworkManagerClient@@AAE@XZ$0 中引用了该符号
NetworkManagerClient.obj : error LNK2019: 无法解析的外部符号 "public: bool __thiscall NetworkManager::Init(unsigned short)" (?Init@NetworkManager@@QAE_NG@Z)，函数 "private: void __thiscall NetworkManagerClient::Init(class SocketAddress const &,class std::basic_string<char,struct std::char_traits<char>,class std::allocator<char> > const &)" (?Init@NetworkManagerClient@@AAEXABVSocketAddress@@ABV?$basic_string@DU?$char_traits@D@std@@V?$allocator@D@2@@std@@@Z) 中引用了该符号
NetworkManagerClient.obj : error LNK2019: 无法解析的外部符号 "public: void __thiscall NetworkManager::SendPacket(class OutputMemoryBitStream const &,class SocketAddress const &)" (?SendPacket@NetworkManager@@QAEXABVOutputMemoryBitStream@@ABVSocketAddress@@@Z)，函数 "private: void __thiscall NetworkManagerClient::SendHelloPacket(void)" (?SendHelloPacket@NetworkManagerClient@@AAEXXZ) 中引用了该符号
NetworkManagerClient.obj : error LNK2019: 无法解析的外部符号 "public: void __thiscall NetworkManager::AddToNetworkIdToGameObjectMap(class std::shared_ptr<class GameObject>)" (?AddToNetworkIdToGameObjectMap@NetworkManager@@QAEXV?$shared_ptr@VGameObject@@@std@@@Z)，函数 "private: void __thiscall NetworkManagerClient::HandleGameObjectState(class InputMemoryBitStream &)" (?HandleGameObjectState@NetworkManagerClient@@AAEXAAVInputMemoryBitStream@@@Z) 中引用了该符号
ReplicationManagerClient.obj : error LNK2001: 无法解析的外部符号 "public: void __thiscall NetworkManager::AddToNetworkIdToGameObjectMap(class std::shared_ptr<class GameObject>)" (?AddToNetworkIdToGameObjectMap@NetworkManager@@QAEXV?$shared_ptr@VGameObject@@@std@@@Z)
ReplicationManagerClient.obj : error LNK2019: 无法解析的外部符号 "public: void __thiscall NetworkManager::RemoveFromNetworkIdToGameObjectMap(class std::shared_ptr<class GameObject>)" (?RemoveFromNetworkIdToGameObjectMap@NetworkManager@@QAEXV?$shared_ptr@VGameObject@@@std@@@Z)，函数 "private: void __thiscall ReplicationManagerClient::ReadAndDoDestroyAction(class InputMemoryBitStream &,int)" (?ReadAndDoDestroyAction@ReplicationManagerClient@@AAEXAAVInputMemoryBitStream@@H@Z) 中引用了该符号
RoboCatClient.obj : error LNK2001: 无法解析的外部符号 "public: virtual unsigned int __thiscall RoboCat::Write(class OutputMemoryBitStream &,unsigned int)const " (?Write@RoboCat@@UBEIAAVOutputMemoryBitStream@@I@Z)
RoboCatClient.obj : error LNK2019: 无法解析的外部符号 "protected: __thiscall RoboCat::RoboCat(void)" (??0RoboCat@@IAE@XZ)，函数 "protected: __thiscall RoboCatClient::RoboCatClient(void)" (??0RoboCatClient@@IAE@XZ) 中引用了该符号
MouseClient.obj : error LNK2001: 无法解析的外部符号 "public: virtual unsigned int __thiscall Mouse::Write(class OutputMemoryBitStream &,unsigned int)const " (?Write@Mouse@@UBEIAAVOutputMemoryBitStream@@I@Z)
MouseClient.obj : error LNK2001: 无法解析的外部符号 "public: virtual void __thiscall Mouse::Read(class InputMemoryBitStream &)" (?Read@Mouse@@UAEXAAVInputMemoryBitStream@@@Z)
MouseClient.obj : error LNK2001: 无法解析的外部符号 "public: virtual bool __thiscall Mouse::HandleCollisionWithCat(class RoboCat *)" (?HandleCollisionWithCat@Mouse@@UAE_NPAVRoboCat@@@Z)
MouseClient.obj : error LNK2019: 无法解析的外部符号 "protected: __thiscall Mouse::Mouse(void)" (??0Mouse@@IAE@XZ)，函数 "protected: __thiscall MouseClient::MouseClient(void)" (??0MouseClient@@IAE@XZ) 中引用了该符号
D:\桌面\应聘\作品集\机器猫行动（网络游戏demo）\Debug\RoboCatClient.exe : fatal error LNK1120: 43 个无法解析的外部命令
