YarnServer.obj : error LNK2001: 无法解析的外部符号 "public: virtual void __thiscall GameObject::Update(void)" (?Update@GameObject@@UAEXXZ)
RoboCatServer.obj : error LNK2001: 无法解析的外部符号 "public: virtual void __thiscall GameObject::Update(void)" (?Update@GameObject@@UAEXXZ)
MouseServer.obj : error LNK2001: 无法解析的外部符号 "public: virtual void __thiscall GameObject::Update(void)" (?Update@GameObject@@UAEXXZ)
YarnServer.obj : error LNK2001: 无法解析的外部符号 "public: virtual unsigned int __thiscall Yarn::Write(class OutputMemoryBitStream &,unsigned int)const " (?Write@Yarn@@UBEIAAVOutputMemoryBitStream@@I@Z)
YarnServer.obj : error LNK2019: 无法解析的外部符号 "public: virtual void __thiscall Yarn::Update(void)" (?Update@Yarn@@UAEXXZ)，函数 "public: virtual void __thiscall YarnServer::Update(void)" (?Update@YarnServer@@UAEXXZ) 中引用了该符号
YarnServer.obj : error LNK2019: 无法解析的外部符号 "protected: __thiscall Yarn::Yarn(void)" (??0Yarn@@IAE@XZ)，函数 "protected: __thiscall YarnServer::YarnServer(void)" (??0YarnServer@@IAE@XZ) 中引用了该符号
YarnServer.obj : error LNK2001: 无法解析的外部符号 "public: static class Timing Timing::sInstance" (?sInstance@Timing@@2V1@A)
ClientProxy.obj : error LNK2001: 无法解析的外部符号 "public: static class Timing Timing::sInstance" (?sInstance@Timing@@2V1@A)
NetworkManagerServer.obj : error LNK2001: 无法解析的外部符号 "public: static class Timing Timing::sInstance" (?sInstance@Timing@@2V1@A)
RoboCatServer.obj : error LNK2001: 无法解析的外部符号 "public: static class Timing Timing::sInstance" (?sInstance@Timing@@2V1@A)
ClientProxy.obj : error LNK2019: 无法解析的外部符号 "public: double __thiscall Timing::GetTime(void)const " (?GetTime@Timing@@QBENXZ)，函数 "public: float __thiscall Timing::GetTimef(void)const " (?GetTimef@Timing@@QBEMXZ) 中引用了该符号
NetworkManagerServer.obj : error LNK2001: 无法解析的外部符号 "public: double __thiscall Timing::GetTime(void)const " (?GetTime@Timing@@QBENXZ)
ClientProxy.obj : error LNK2001: 无法解析的外部符号 "public: static class std::unique_ptr<class Engine,struct std::default_delete<class Engine> > Engine::sInstance" (?sInstance@Engine@@2V?$unique_ptr@VEngine@@U?$default_delete@VEngine@@@std@@@std@@A)
Server.obj : error LNK2001: 无法解析的外部符号 "public: static class std::unique_ptr<class Engine,struct std::default_delete<class Engine> > Engine::sInstance" (?sInstance@Engine@@2V?$unique_ptr@VEngine@@U?$default_delete@VEngine@@@std@@@std@@A)
ServerMain.obj : error LNK2001: 无法解析的外部符号 "public: static class std::unique_ptr<class Engine,struct std::default_delete<class Engine> > Engine::sInstance" (?sInstance@Engine@@2V?$unique_ptr@VEngine@@U?$default_delete@VEngine@@@std@@@std@@A)
NetworkManagerServer.obj : error LNK2001: 无法解析的外部符号 "public: static class std::unique_ptr<class Engine,struct std::default_delete<class Engine> > Engine::sInstance" (?sInstance@Engine@@2V?$unique_ptr@VEngine@@U?$default_delete@VEngine@@@std@@@std@@A)
ReplicationManagerServer.obj : error LNK2019: 无法解析的外部符号 "public: void __thiscall OutputMemoryBitStream::WriteBits(void const *,unsigned int)" (?WriteBits@OutputMemoryBitStream@@QAEXPBXI@Z)，函数 "public: void __thiscall OutputMemoryBitStream::Write<int>(int,unsigned int)" (??$Write@H@OutputMemoryBitStream@@QAEXHI@Z) 中引用了该符号
NetworkManagerServer.obj : error LNK2001: 无法解析的外部符号 "public: void __thiscall OutputMemoryBitStream::WriteBits(void const *,unsigned int)" (?WriteBits@OutputMemoryBitStream@@QAEXPBXI@Z)
Server.obj : error LNK2019: 无法解析的外部符号 "class Vector3 __cdecl RoboMath::GetRandomVector(class Vector3 const &,class Vector3 const &)" (?GetRandomVector@RoboMath@@YA?AVVector3@@ABV2@0@Z)，函数 "void __cdecl `anonymous namespace'::CreateRandomMice(int)" (?CreateRandomMice@?A0x29d1c49a@@YAXH@Z) 中引用了该符号
Server.obj : error LNK2019: 无法解析的外部符号 "class std::basic_string<char,struct std::char_traits<char>,class std::allocator<char> > __cdecl StringUtils::GetCommandLineArg(int)" (?GetCommandLineArg@StringUtils@@YA?AV?$basic_string@DU?$char_traits@D@std@@V?$allocator@D@2@@std@@H@Z)，函数 "private: __thiscall Server::Server(void)" (??0Server@@AAE@XZ) 中引用了该符号
Server.obj : error LNK2019: 无法解析的外部符号 "public: void __thiscall GameObjectRegistry::RegisterCreationFunction(unsigned int,class std::shared_ptr<class GameObject> (__cdecl*)(void))" (?RegisterCreationFunction@GameObjectRegistry@@QAEXIP6A?AV?$shared_ptr@VGameObject@@@std@@XZ@Z)，函数 "private: __thiscall Server::Server(void)" (??0Server@@AAE@XZ) 中引用了该符号
Server.obj : error LNK2019: 无法解析的外部符号 "public: class std::shared_ptr<class GameObject> __thiscall GameObjectRegistry::CreateGameObject(unsigned int)" (?CreateGameObject@GameObjectRegistry@@QAE?AV?$shared_ptr@VGameObject@@@std@@I@Z)，函数 "void __cdecl `anonymous namespace'::CreateRandomMice(int)" (?CreateRandomMice@?A0x29d1c49a@@YAXH@Z) 中引用了该符号
RoboCatServer.obj : error LNK2001: 无法解析的外部符号 "public: class std::shared_ptr<class GameObject> __thiscall GameObjectRegistry::CreateGameObject(unsigned int)" (?CreateGameObject@GameObjectRegistry@@QAE?AV?$shared_ptr@VGameObject@@@std@@I@Z)
Server.obj : error LNK2019: 无法解析的外部符号 "public: class ScoreBoardManager::Entry * __thiscall ScoreBoardManager::GetEntry(unsigned int)" (?GetEntry@ScoreBoardManager@@QAEPAVEntry@1@I@Z)，函数 "public: void __thiscall Server::SpawnCatForPlayer(int)" (?SpawnCatForPlayer@Server@@QAEXH@Z) 中引用了该符号
Server.obj : error LNK2019: 无法解析的外部符号 "public: bool __thiscall ScoreBoardManager::RemoveEntry(unsigned int)" (?RemoveEntry@ScoreBoardManager@@QAE_NI@Z)，函数 "public: void __thiscall Server::HandleLostClient(class std::shared_ptr<class ClientProxy>)" (?HandleLostClient@Server@@QAEXV?$shared_ptr@VClientProxy@@@std@@@Z) 中引用了该符号
Server.obj : error LNK2019: 无法解析的外部符号 "public: void __thiscall ScoreBoardManager::AddEntry(unsigned int,class std::basic_string<char,struct std::char_traits<char>,class std::allocator<char> > const &)" (?AddEntry@ScoreBoardManager@@QAEXIABV?$basic_string@DU?$char_traits@D@std@@V?$allocator@D@2@@std@@@Z)，函数 "public: void __thiscall Server::HandleNewClient(class std::shared_ptr<class ClientProxy>)" (?HandleNewClient@Server@@QAEXV?$shared_ptr@VClientProxy@@@std@@@Z) 中引用了该符号
Server.obj : error LNK2019: 无法解析的外部符号 "public: void __thiscall NetworkManager::ProcessIncomingPackets(void)" (?ProcessIncomingPackets@NetworkManager@@QAEXXZ)，函数 "public: virtual void __thiscall Server::DoFrame(void)" (?DoFrame@Server@@UAEXXZ) 中引用了该符号
Server.obj : error LNK2019: 无法解析的外部符号 "public: virtual __thiscall Engine::~Engine(void)" (??1Engine@@UAE@XZ)，函数 __unwindfunclet$??0Server@@AAE@XZ$0 中引用了该符号
Server.obj : error LNK2019: 无法解析的外部符号 "public: virtual int __thiscall Engine::Run(void)" (?Run@Engine@@UAEHXZ)，函数 "public: virtual int __thiscall Server::Run(void)" (?Run@Server@@UAEHXZ) 中引用了该符号
Server.obj : error LNK2001: 无法解析的外部符号 "public: virtual void __thiscall Engine::HandleEvent(union SDL_Event *)" (?HandleEvent@Engine@@UAEXPATSDL_Event@@@Z)
Server.obj : error LNK2019: 无法解析的外部符号 "protected: __thiscall Engine::Engine(void)" (??0Engine@@IAE@XZ)，函数 "private: __thiscall Server::Server(void)" (??0Server@@AAE@XZ) 中引用了该符号
Server.obj : error LNK2019: 无法解析的外部符号 "protected: virtual void __thiscall Engine::DoFrame(void)" (?DoFrame@Engine@@MAEXXZ)，函数 "public: virtual void __thiscall Server::DoFrame(void)" (?DoFrame@Server@@UAEXXZ) 中引用了该符号
Server.obj : error LNK2001: 无法解析的外部符号 "public: static class std::unique_ptr<class GameObjectRegistry,struct std::default_delete<class GameObjectRegistry> > GameObjectRegistry::sInstance" (?sInstance@GameObjectRegistry@@2V?$unique_ptr@VGameObjectRegistry@@U?$default_delete@VGameObjectRegistry@@@std@@@std@@A)
RoboCatServer.obj : error LNK2001: 无法解析的外部符号 "public: static class std::unique_ptr<class GameObjectRegistry,struct std::default_delete<class GameObjectRegistry> > GameObjectRegistry::sInstance" (?sInstance@GameObjectRegistry@@2V?$unique_ptr@VGameObjectRegistry@@U?$default_delete@VGameObjectRegistry@@@std@@@std@@A)
Server.obj : error LNK2001: 无法解析的外部符号 "public: static class std::unique_ptr<class World,struct std::default_delete<class World> > World::sInstance" (?sInstance@World@@2V?$unique_ptr@VWorld@@U?$default_delete@VWorld@@@std@@@std@@A)
NetworkManagerServer.obj : error LNK2001: 无法解析的外部符号 "public: static class std::unique_ptr<class World,struct std::default_delete<class World> > World::sInstance" (?sInstance@World@@2V?$unique_ptr@VWorld@@U?$default_delete@VWorld@@@std@@@std@@A)
Server.obj : error LNK2001: 无法解析的外部符号 "public: static class std::unique_ptr<class ScoreBoardManager,struct std::default_delete<class ScoreBoardManager> > ScoreBoardManager::sInstance" (?sInstance@ScoreBoardManager@@2V?$unique_ptr@VScoreBoardManager@@U?$default_delete@VScoreBoardManager@@@std@@@std@@A)
NetworkManagerServer.obj : error LNK2001: 无法解析的外部符号 "public: static class std::unique_ptr<class ScoreBoardManager,struct std::default_delete<class ScoreBoardManager> > ScoreBoardManager::sInstance" (?sInstance@ScoreBoardManager@@2V?$unique_ptr@VScoreBoardManager@@U?$default_delete@VScoreBoardManager@@@std@@@std@@A)
RoboCatServer.obj : error LNK2001: 无法解析的外部符号 "public: static class std::unique_ptr<class ScoreBoardManager,struct std::default_delete<class ScoreBoardManager> > ScoreBoardManager::sInstance" (?sInstance@ScoreBoardManager@@2V?$unique_ptr@VScoreBoardManager@@U?$default_delete@VScoreBoardManager@@@std@@@std@@A)
MouseServer.obj : error LNK2001: 无法解析的外部符号 "public: static class std::unique_ptr<class ScoreBoardManager,struct std::default_delete<class ScoreBoardManager> > ScoreBoardManager::sInstance" (?sInstance@ScoreBoardManager@@2V?$unique_ptr@VScoreBoardManager@@U?$default_delete@VScoreBoardManager@@@std@@@std@@A)
NetworkManagerServer.obj : error LNK2019: 无法解析的外部符号 "void __cdecl StringUtils::Log(char const *,...)" (?Log@StringUtils@@YAXPBDZZ)，函数 "private: int __thiscall NetworkManagerServer::GetNewNetworkId(void)" (?GetNewNetworkId@NetworkManagerServer@@AAEHXZ) 中引用了该符号
NetworkManagerServer.obj : error LNK2019: 无法解析的外部符号 "public: class std::basic_string<char,struct std::char_traits<char>,class std::allocator<char> > __thiscall SocketAddress::ToString(void)const " (?ToString@SocketAddress@@QBE?AV?$basic_string@DU?$char_traits@D@std@@V?$allocator@D@2@@std@@XZ)，函数 "private: void __thiscall NetworkManagerServer::HandlePacketFromNewClient(class InputMemoryBitStream &,class SocketAddress const &)" (?HandlePacketFromNewClient@NetworkManagerServer@@AAEXAAVInputMemoryBitStream@@ABVSocketAddress@@@Z) 中引用了该符号
NetworkManagerServer.obj : error LNK2019: 无法解析的外部符号 "private: void __thiscall OutputMemoryBitStream::ReallocBuffer(unsigned int)" (?ReallocBuffer@OutputMemoryBitStream@@AAEXI@Z)，函数 "public: __thiscall OutputMemoryBitStream::OutputMemoryBitStream(void)" (??0OutputMemoryBitStream@@QAE@XZ) 中引用了该符号
NetworkManagerServer.obj : error LNK2019: 无法解析的外部符号 "public: void __thiscall InputMemoryBitStream::ReadBits(void *,unsigned int)" (?ReadBits@InputMemoryBitStream@@QAEXPAXI@Z)，函数 "public: void __thiscall InputMemoryBitStream::Read<char>(char &,unsigned int)" (??$Read@D@InputMemoryBitStream@@QAEXAADI@Z) 中引用了该符号
NetworkManagerServer.obj : error LNK2019: 无法解析的外部符号 "public: bool __thiscall Move::Read(class InputMemoryBitStream &)" (?Read@Move@@QAE_NAAVInputMemoryBitStream@@@Z)，函数 "private: void __thiscall NetworkManagerServer::HandleInputPacket(class std::shared_ptr<class ClientProxy>,class InputMemoryBitStream &)" (?HandleInputPacket@NetworkManagerServer@@AAEXV?$shared_ptr@VClientProxy@@@std@@AAVInputMemoryBitStream@@@Z) 中引用了该符号
NetworkManagerServer.obj : error LNK2019: 无法解析的外部符号 "public: bool __thiscall MoveList::AddMove(class Move const &)" (?AddMove@MoveList@@QAE_NABVMove@@@Z)，函数 "private: void __thiscall NetworkManagerServer::HandleInputPacket(class std::shared_ptr<class ClientProxy>,class InputMemoryBitStream &)" (?HandleInputPacket@NetworkManagerServer@@AAEXV?$shared_ptr@VClientProxy@@@std@@AAVInputMemoryBitStream@@@Z) 中引用了该符号
NetworkManagerServer.obj : error LNK2019: 无法解析的外部符号 "public: void __thiscall GameObject::SetNetworkId(int)" (?SetNetworkId@GameObject@@QAEXH@Z)，函数 "public: void __thiscall NetworkManagerServer::RegisterGameObject(class std::shared_ptr<class GameObject>)" (?RegisterGameObject@NetworkManagerServer@@QAEXV?$shared_ptr@VGameObject@@@std@@@Z) 中引用了该符号
NetworkManagerServer.obj : error LNK2019: 无法解析的外部符号 "public: bool __thiscall ScoreBoardManager::Write(class OutputMemoryBitStream &)const " (?Write@ScoreBoardManager@@QBE_NAAVOutputMemoryBitStream@@@Z)，函数 "private: void __thiscall NetworkManagerServer::AddScoreBoardStateToPacket(class OutputMemoryBitStream &)" (?AddScoreBoardStateToPacket@NetworkManagerServer@@AAEXAAVOutputMemoryBitStream@@@Z) 中引用了该符号
NetworkManagerServer.obj : error LNK2019: 无法解析的外部符号 "public: __thiscall NetworkManager::NetworkManager(void)" (??0NetworkManager@@QAE@XZ)，函数 "private: __thiscall NetworkManagerServer::NetworkManagerServer(void)" (??0NetworkManagerServer@@AAE@XZ) 中引用了该符号
NetworkManagerServer.obj : error LNK2019: 无法解析的外部符号 "public: virtual __thiscall NetworkManager::~NetworkManager(void)" (??1NetworkManager@@UAE@XZ)，函数 __unwindfunclet$??0NetworkManagerServer@@AAE@XZ$0 中引用了该符号
NetworkManagerServer.obj : error LNK2019: 无法解析的外部符号 "public: bool __thiscall NetworkManager::Init(unsigned short)" (?Init@NetworkManager@@QAE_NG@Z)，函数 "public: static bool __cdecl NetworkManagerServer::StaticInit(unsigned short)" (?StaticInit@NetworkManagerServer@@SA_NG@Z) 中引用了该符号
NetworkManagerServer.obj : error LNK2019: 无法解析的外部符号 "public: void __thiscall NetworkManager::SendPacket(class OutputMemoryBitStream const &,class SocketAddress const &)" (?SendPacket@NetworkManager@@QAEXABVOutputMemoryBitStream@@ABVSocketAddress@@@Z)，函数 "private: void __thiscall NetworkManagerServer::SendStatePacketToClient(class std::shared_ptr<class ClientProxy>)" (?SendStatePacketToClient@NetworkManagerServer@@AAEXV?$shared_ptr@VClientProxy@@@std@@@Z) 中引用了该符号
RoboCatServer.obj : error LNK2019: 无法解析的外部符号 "public: virtual void __thiscall RoboCat::Update(void)" (?Update@RoboCat@@UAEXXZ)，函数 "public: virtual void __thiscall RoboCatServer::Update(void)" (?Update@RoboCatServer@@UAEXXZ) 中引用了该符号
RoboCatServer.obj : error LNK2019: 无法解析的外部符号 "public: void __thiscall RoboCat::ProcessInput(float,class InputState const &)" (?ProcessInput@RoboCat@@QAEXMABVInputState@@@Z)，函数 "public: virtual void __thiscall RoboCatServer::Update(void)" (?Update@RoboCatServer@@UAEXXZ) 中引用了该符号
RoboCatServer.obj : error LNK2019: 无法解析的外部符号 "public: void __thiscall RoboCat::SimulateMovement(float)" (?SimulateMovement@RoboCat@@QAEXM@Z)，函数 "public: virtual void __thiscall RoboCatServer::Update(void)" (?Update@RoboCatServer@@UAEXXZ) 中引用了该符号
RoboCatServer.obj : error LNK2001: 无法解析的外部符号 "public: virtual unsigned int __thiscall RoboCat::Write(class OutputMemoryBitStream &,unsigned int)const " (?Write@RoboCat@@UBEIAAVOutputMemoryBitStream@@I@Z)
RoboCatServer.obj : error LNK2019: 无法解析的外部符号 "protected: __thiscall RoboCat::RoboCat(void)" (??0RoboCat@@IAE@XZ)，函数 "protected: __thiscall RoboCatServer::RoboCatServer(void)" (??0RoboCatServer@@IAE@XZ) 中引用了该符号
RoboCatServer.obj : error LNK2019: 无法解析的外部符号 "public: void __thiscall Yarn::InitFromShooter(class RoboCat *)" (?InitFromShooter@Yarn@@QAEXPAVRoboCat@@@Z)，函数 "private: void __thiscall RoboCatServer::HandleShooting(void)" (?HandleShooting@RoboCatServer@@AAEXXZ) 中引用了该符号
RoboCatServer.obj : error LNK2019: 无法解析的外部符号 "public: void __thiscall ScoreBoardManager::IncScore(unsigned int,int)" (?IncScore@ScoreBoardManager@@QAEXIH@Z)，函数 "public: void __thiscall RoboCatServer::TakeDamage(int)" (?TakeDamage@RoboCatServer@@QAEXH@Z) 中引用了该符号
MouseServer.obj : error LNK2001: 无法解析的外部符号 "public: void __thiscall ScoreBoardManager::IncScore(unsigned int,int)" (?IncScore@ScoreBoardManager@@QAEXIH@Z)
MouseServer.obj : error LNK2001: 无法解析的外部符号 "public: virtual unsigned int __thiscall Mouse::Write(class OutputMemoryBitStream &,unsigned int)const " (?Write@Mouse@@UBEIAAVOutputMemoryBitStream@@I@Z)
MouseServer.obj : error LNK2001: 无法解析的外部符号 "public: virtual void __thiscall Mouse::Read(class InputMemoryBitStream &)" (?Read@Mouse@@UAEXAAVInputMemoryBitStream@@@Z)
MouseServer.obj : error LNK2019: 无法解析的外部符号 "protected: __thiscall Mouse::Mouse(void)" (??0Mouse@@IAE@XZ)，函数 "protected: __thiscall MouseServer::MouseServer(void)" (??0MouseServer@@IAE@XZ) 中引用了该符号
D:\桌面\应聘\作品集\机器猫行动（网络游戏demo）\Debug\RoboCatServer.exe : fatal error LNK1120: 46 个无法解析的外部命令
